<?xml version="1.0" encoding="UTF-8"?>
<!-- Generated by org.testng.reporters.JUnitReportReporter -->
<testsuite hostname="DESKTOP-1TURA65" name="com.aman.projects.docker.SecondTest" tests="4" failures="0" timestamp="18 Jun 2019 06:12:27 GMT" time="87.419" errors="0">
  <testcase name="MyntraTest" time="12.200" classname="com.aman.projects.docker.SecondTest"/>
  <testcase name="ThoughtWorksTest" time="33.660" classname="com.aman.projects.docker.SecondTest"/>
  <testcase name="MyntraTest" time="21.806" classname="com.aman.projects.docker.SecondTest"/>
  <testcase name="ThoughtWorksTest" time="19.753" classname="com.aman.projects.docker.SecondTest"/>
</testsuite> <!-- com.aman.projects.docker.SecondTest -->
