<?xml version="1.0" encoding="UTF-8"?>
<!-- Generated by org.testng.reporters.JUnitReportReporter -->
<testsuite hostname="DESKTOP-1TURA65" name="com.aman.projects.docker.FirstTest" tests="6" failures="0" timestamp="18 Jun 2019 06:12:27 GMT" time="129.101" errors="0">
  <testcase name="FacebookTest" time="12.082" classname="com.aman.projects.docker.FirstTest"/>
  <testcase name="FacebookTest" time="33.949" classname="com.aman.projects.docker.FirstTest"/>
  <testcase name="GmailTest" time="13.386" classname="com.aman.projects.docker.FirstTest"/>
  <testcase name="InstagramTest" time="28.171" classname="com.aman.projects.docker.FirstTest"/>
  <testcase name="GmailTest" time="29.873" classname="com.aman.projects.docker.FirstTest"/>
  <testcase name="InstagramTest" time="11.640" classname="com.aman.projects.docker.FirstTest"/>
</testsuite> <!-- com.aman.projects.docker.FirstTest -->
